<?xml version="1.0" encoding="UTF-8"?>
<testng-results ignored="0" total="1" passed="1" failed="0" skipped="0">
  <reporter-output>
  </reporter-output>
  <suite started-at="2022-09-28T23:15:14 IST" name="Default suite" finished-at="2022-09-28T23:16:57 IST" duration-ms="102779">
    <groups>
    </groups>
    <test started-at="2022-09-28T23:15:14 IST" name="Default test" finished-at="2022-09-28T23:16:57 IST" duration-ms="102779">
      <class name="testcases.locationTestCase">
        <test-method is-config="true" signature="before()[pri:0, instance:testcases.locationTestCase@7526515b]" started-at="2022-09-28T23:15:14 IST" name="before" finished-at="2022-09-28T23:15:15 IST" duration-ms="399" status="PASS">
          <reporter-output>
          </reporter-output>
        </test-method> <!-- before -->
        <test-method is-config="true" signature="setUp()[pri:0, instance:testcases.locationTestCase@7526515b]" started-at="2022-09-28T23:15:15 IST" name="setUp" finished-at="2022-09-28T23:16:05 IST" duration-ms="50287" status="PASS">
          <reporter-output>
          </reporter-output>
        </test-method> <!-- setUp -->
        <test-method is-config="true" signature="beforeMethod(java.lang.reflect.Method)[pri:0, instance:testcases.locationTestCase@7526515b]" started-at="2022-09-28T23:16:05 IST" name="beforeMethod" finished-at="2022-09-28T23:16:05 IST" duration-ms="120" status="PASS">
          <params>
            <param index="0">
              <value>
                <![CDATA[public void testcases.locationTestCase.location(java.lang.String,java.lang.String,java.lang.String,java.lang.String,java.lang.String,java.lang.String) throws java.lang.InterruptedException]]>
              </value>
            </param>
          </params>
          <reporter-output>
          </reporter-output>
        </test-method> <!-- beforeMethod -->
        <test-method signature="location(java.lang.String,java.lang.String,java.lang.String,java.lang.String,java.lang.String,java.lang.String)[pri:0, instance:testcases.locationTestCase@7526515b]" started-at="2022-09-28T23:16:05 IST" name="location" data-provider="testData" finished-at="2022-09-28T23:16:54 IST" duration-ms="48869" status="PASS">
          <params>
            <param index="0">
              <value>
                <![CDATA[Office New22211]]>
              </value>
            </param>
            <param index="1">
              <value>
                <![CDATA[New York]]>
              </value>
            </param>
            <param index="2">
              <value>
                <![CDATA[1234567890]]>
              </value>
            </param>
            <param index="3">
              <value>
                <![CDATA[100020]]>
              </value>
            </param>
            <param index="4">
              <value>
                <![CDATA[United States]]>
              </value>
            </param>
            <param index="5">
              <value>
                <![CDATA[Alaska]]>
              </value>
            </param>
          </params>
          <reporter-output>
          </reporter-output>
        </test-method> <!-- location -->
        <test-method is-config="true" signature="close()[pri:0, instance:testcases.locationTestCase@7526515b]" started-at="2022-09-28T23:16:54 IST" name="close" finished-at="2022-09-28T23:16:57 IST" duration-ms="2430" status="PASS">
          <reporter-output>
          </reporter-output>
        </test-method> <!-- close -->
        <test-method is-config="true" signature="after()[pri:0, instance:testcases.locationTestCase@7526515b]" started-at="2022-09-28T23:16:57 IST" name="after" finished-at="2022-09-28T23:16:57 IST" duration-ms="434" status="PASS">
          <reporter-output>
          </reporter-output>
        </test-method> <!-- after -->
      </class> <!-- testcases.locationTestCase -->
    </test> <!-- Default test -->
  </suite> <!-- Default suite -->
</testng-results>
